<?xml version="1.0" encoding="UTF-8"?>
<!-- Generated by org.testng.reporters.JUnitReportReporter -->
<testsuite hostname="MaliPatil-PC" failures="0" tests="3" name="testNg1.TestNgBasics" time="0.034" errors="0" timestamp="19 Jul 2019 18:07:12 GMT" skipped="0">
  <testcase classname="testNg1.TestNgBasics" name="appLoginTest" time="0.012"/>
  <testcase classname="testNg1.TestNgBasics" name="appLogoTest" time="0.017"/>
  <testcase classname="testNg1.TestNgBasics" name="appTitleTest" time="0.005"/>
</testsuite> <!-- testNg1.TestNgBasics -->
