<?xml version="1.0" encoding="UTF-8"?>
<!-- Generated by org.testng.reporters.JUnitReportReporter -->
<testsuite hostname="MaliPatil-PC" failures="0" tests="3" name="testNg1.ListenerConcept" time="79.183" errors="0" timestamp="25 Jul 2019 15:26:04 GMT" skipped="1">
  <testcase classname="testNg1.ListenerConcept" name="test2" time="30.787"/>
  <testcase classname="testNg1.ListenerConcept" name="test3" time="24.662">
    <skipped/>
  </testcase> <!-- test3 -->
  <testcase classname="testNg1.ListenerConcept" name="test1" time="23.734"/>
</testsuite> <!-- testNg1.ListenerConcept -->
